[2024-08-20 16:09:32,434] root - INFO - Starting Data Ingestion Config
[2024-08-20 16:09:32,434] root - INFO - Getting Master Dictionary Information
[2024-08-20 16:09:32,435] root - INFO - Getting Stop Words Information
[2024-08-20 16:09:32,435] root - INFO - Getting Output Dirs Information
[2024-08-20 16:09:33,268] root - INFO - generating variables
[2024-08-20 16:09:33,269] root - INFO - Reading config file
[2024-08-20 16:09:33,271] root - INFO - Getting Output Dir Path
[2024-08-20 16:09:33,271] root - INFO - Getting Output file Path
[2024-08-20 16:09:33,271] root - INFO - Getting Article Folder Dir Path
[2024-08-20 16:09:33,271] root - INFO - Returning OutputDir config
[2024-08-20 16:09:33,272] root - INFO - Initializing Data Ingestion Artifact
[2024-08-20 16:09:33,272] root - INFO - Initializing Text Analysis Artifact
[2024-08-20 16:09:33,272] root - INFO - Initializing Generate Variable Artifact
[2024-08-20 16:09:33,272] root - INFO - Initializing Pipeline
[2024-08-20 16:09:33,272] root - INFO - ----------------------------------------------------Starting Pipeline----------------------------------------------------
[2024-08-20 16:09:33,272] root - INFO - Getting Output Dir Path
[2024-08-20 16:09:33,272] root - INFO - Getting Output file Path
[2024-08-20 16:09:33,272] root - INFO - Getting Article Folder Dir Path
[2024-08-20 16:09:33,272] root - INFO - Returning OutputDir config
[2024-08-20 16:09:33,272] root - INFO - getting Data Ingestion Config Info
[2024-08-20 16:09:33,272] root - INFO - getting Dataset File Path
[2024-08-20 16:09:33,272] root - INFO - ----------------------------------------------------Starting Data Ingestion----------------------------------------------------
[2024-08-20 16:09:33,272] root - INFO - Reading input data from excel file
[2024-08-20 16:09:34,768] root - INFO - Scrap Data from URL files
